<?xml version="1.0" encoding="UTF-8"?>
<testng-results ignored="0" total="1" passed="1" failed="0" skipped="0">
  <reporter-output>
  </reporter-output>
  <suite started-at="2024-08-27T23:19:15 IST" name="Default suite" finished-at="2024-08-27T23:19:19 IST" duration-ms="3710">
    <groups>
    </groups>
    <test started-at="2024-08-27T23:19:15 IST" name="Default test" finished-at="2024-08-27T23:19:19 IST" duration-ms="3710">
      <class name="Selenium.pom.com.test.ProductTest">
        <test-method is-config="true" signature="setBrowser()[pri:0, instance:Selenium.pom.com.test.ProductTest@f78a47e]" started-at="2024-08-27T23:19:15 IST" name="setBrowser" finished-at="2024-08-27T23:19:18 IST" duration-ms="2865" status="PASS">
          <reporter-output>
          </reporter-output>
        </test-method> <!-- setBrowser -->
        <test-method signature="productHeaderIsDisplayed()[pri:0, instance:Selenium.pom.com.test.ProductTest@f78a47e]" started-at="2024-08-27T23:19:18 IST" name="productHeaderIsDisplayed" finished-at="2024-08-27T23:19:18 IST" duration-ms="535" status="PASS">
          <reporter-output>
          </reporter-output>
        </test-method> <!-- productHeaderIsDisplayed -->
        <test-method is-config="true" signature="tearDown()[pri:0, instance:Selenium.pom.com.test.ProductTest@f78a47e]" started-at="2024-08-27T23:19:18 IST" name="tearDown" finished-at="2024-08-27T23:19:19 IST" duration-ms="230" status="PASS">
          <reporter-output>
          </reporter-output>
        </test-method> <!-- tearDown -->
      </class> <!-- Selenium.pom.com.test.ProductTest -->
    </test> <!-- Default test -->
  </suite> <!-- Default suite -->
</testng-results>
