<?xml version="1.0" encoding="UTF-8"?>
<testng-results ignored="0" total="1" passed="1" failed="0" skipped="0">
  <reporter-output>
  </reporter-output>
  <suite started-at="2024-08-27T00:44:49 IST" name="Default suite" finished-at="2024-08-27T00:45:00 IST" duration-ms="10380">
    <groups>
    </groups>
    <test started-at="2024-08-27T00:44:49 IST" name="Default test" finished-at="2024-08-27T00:45:00 IST" duration-ms="10380">
      <class name="Selenium.basics.com.LoginPageNegativeValidation">
        <test-method is-config="true" signature="setBrowser()[pri:0, instance:Selenium.basics.com.LoginPageNegativeValidation@f78a47e]" started-at="2024-08-27T00:44:49 IST" name="setBrowser" finished-at="2024-08-27T00:44:54 IST" duration-ms="4925" status="PASS">
          <reporter-output>
          </reporter-output>
        </test-method> <!-- setBrowser -->
        <test-method signature="testLoggingIntoApplication()[pri:0, instance:Selenium.basics.com.LoginPageNegativeValidation@f78a47e]" started-at="2024-08-27T00:44:54 IST" name="testLoggingIntoApplication" finished-at="2024-08-27T00:45:00 IST" duration-ms="5409" status="PASS">
          <reporter-output>
          </reporter-output>
        </test-method> <!-- testLoggingIntoApplication -->
        <test-method is-config="true" signature="tearDown()[pri:0, instance:Selenium.basics.com.LoginPageNegativeValidation@f78a47e]" started-at="2024-08-27T00:45:00 IST" name="tearDown" finished-at="2024-08-27T00:45:00 IST" duration-ms="0" status="PASS">
          <reporter-output>
          </reporter-output>
        </test-method> <!-- tearDown -->
      </class> <!-- Selenium.basics.com.LoginPageNegativeValidation -->
    </test> <!-- Default test -->
  </suite> <!-- Default suite -->
</testng-results>
